{"C:\\Users\\ARFIN D.O\\OneDrive\\Documents\\Kampus Merdeka\\Kampus Merdeka Batch 5\\Studi Independent Binar Academy\\Tugas\\challenge-05\\app.js": {"path":"C:\\Users\\ARFIN D.O\\OneDrive\\Documents\\Kampus Merdeka\\Kampus Merdeka Batch 5\\Studi Independent Binar Academy\\Tugas\\challenge-05\\app.js","statementMap":{"0":{"start":{"line":1,"column":0},"end":{"line":1,"column":27}},"1":{"start":{"line":2,"column":16},"end":{"line":2,"column":34}},"2":{"start":{"line":3,"column":12},"end":{"line":3,"column":21}},"3":{"start":{"line":4,"column":15},"end":{"line":4,"column":32}},"4":{"start":{"line":5,"column":21},"end":{"line":5,"column":45}},"5":{"start":{"line":6,"column":15},"end":{"line":6,"column":34}},"6":{"start":{"line":8,"column":0},"end":{"line":8,"column":23}},"7":{"start":{"line":9,"column":0},"end":{"line":9,"column":24}},"8":{"start":{"line":10,"column":0},"end":{"line":10,"column":24}},"9":{"start":{"line":12,"column":0},"end":{"line":12,"column":16}},"10":{"start":{"line":15,"column":0},"end":{"line":21,"column":3}},"11":{"start":{"line":16,"column":2},"end":{"line":20,"column":5}},"12":{"start":{"line":24,"column":0},"end":{"line":30,"column":3}},"13":{"start":{"line":25,"column":2},"end":{"line":29,"column":5}},"14":{"start":{"line":32,"column":0},"end":{"line":32,"column":21}}},"fnMap":{"0":{"name":"(anonymous_0)","decl":{"start":{"line":15,"column":8},"end":{"line":15,"column":9}},"loc":{"start":{"line":15,"column":28},"end":{"line":21,"column":1}},"line":15},"1":{"name":"(anonymous_1)","decl":{"start":{"line":24,"column":8},"end":{"line":24,"column":9}},"loc":{"start":{"line":24,"column":33},"end":{"line":30,"column":1}},"line":24}},"branchMap":{},"s":{"0":3,"1":3,"2":3,"3":3,"4":3,"5":3,"6":3,"7":3,"8":3,"9":3,"10":3,"11":0,"12":3,"13":5,"14":3},"f":{"0":0,"1":5},"b":{},"_coverageSchema":"1a1c01bbd47fc00a2c39e90264f33305004495a9","hash":"58621de11dde0c936133863724fa13c558021555"}
,"C:\\Users\\ARFIN D.O\\OneDrive\\Documents\\Kampus Merdeka\\Kampus Merdeka Batch 5\\Studi Independent Binar Academy\\Tugas\\challenge-05\\controllers\\accounts.controller.js": {"path":"C:\\Users\\ARFIN D.O\\OneDrive\\Documents\\Kampus Merdeka\\Kampus Merdeka Batch 5\\Studi Independent Binar Academy\\Tugas\\challenge-05\\controllers\\accounts.controller.js","statementMap":{"0":{"start":{"line":1,"column":25},"end":{"line":1,"column":50}},"1":{"start":{"line":2,"column":15},"end":{"line":2,"column":33}},"2":{"start":{"line":3,"column":26},"end":{"line":3,"column":47}},"3":{"start":{"line":5,"column":0},"end":{"line":101,"column":2}},"4":{"start":{"line":8,"column":4},"end":{"line":41,"column":5}},"5":{"start":{"line":9,"column":65},"end":{"line":9,"column":73}},"6":{"start":{"line":11,"column":19},"end":{"line":13,"column":8}},"7":{"start":{"line":15,"column":6},"end":{"line":21,"column":7}},"8":{"start":{"line":16,"column":8},"end":{"line":20,"column":11}},"9":{"start":{"line":23,"column":23},"end":{"line":32,"column":8}},"10":{"start":{"line":34,"column":6},"end":{"line":38,"column":9}},"11":{"start":{"line":40,"column":6},"end":{"line":40,"column":16}},"12":{"start":{"line":46,"column":4},"end":{"line":69,"column":5}},"13":{"start":{"line":47,"column":36},"end":{"line":47,"column":45}},"14":{"start":{"line":48,"column":6},"end":{"line":48,"column":28}},"15":{"start":{"line":49,"column":6},"end":{"line":49,"column":26}},"16":{"start":{"line":51,"column":23},"end":{"line":54,"column":8}},"17":{"start":{"line":56,"column":25},"end":{"line":58,"column":8}},"18":{"start":{"line":60,"column":23},"end":{"line":60,"column":65}},"19":{"start":{"line":62,"column":6},"end":{"line":66,"column":9}},"20":{"start":{"line":68,"column":6},"end":{"line":68,"column":16}},"21":{"start":{"line":74,"column":4},"end":{"line":99,"column":5}},"22":{"start":{"line":75,"column":15},"end":{"line":75,"column":28}},"23":{"start":{"line":77,"column":22},"end":{"line":82,"column":8}},"24":{"start":{"line":84,"column":6},"end":{"line":90,"column":7}},"25":{"start":{"line":85,"column":8},"end":{"line":89,"column":11}},"26":{"start":{"line":92,"column":6},"end":{"line":96,"column":9}},"27":{"start":{"line":98,"column":6},"end":{"line":98,"column":16}}},"fnMap":{"0":{"name":"(anonymous_0)","decl":{"start":{"line":7,"column":17},"end":{"line":7,"column":18}},"loc":{"start":{"line":7,"column":43},"end":{"line":42,"column":3}},"line":7},"1":{"name":"(anonymous_1)","decl":{"start":{"line":45,"column":18},"end":{"line":45,"column":19}},"loc":{"start":{"line":45,"column":44},"end":{"line":70,"column":3}},"line":45},"2":{"name":"(anonymous_2)","decl":{"start":{"line":73,"column":20},"end":{"line":73,"column":21}},"loc":{"start":{"line":73,"column":46},"end":{"line":100,"column":3}},"line":73}},"branchMap":{"0":{"loc":{"start":{"line":15,"column":6},"end":{"line":21,"column":7}},"type":"if","locations":[{"start":{"line":15,"column":6},"end":{"line":21,"column":7}},{"start":{},"end":{}}],"line":15},"1":{"loc":{"start":{"line":47,"column":12},"end":{"line":47,"column":21}},"type":"default-arg","locations":[{"start":{"line":47,"column":20},"end":{"line":47,"column":21}}],"line":47},"2":{"loc":{"start":{"line":47,"column":23},"end":{"line":47,"column":31}},"type":"default-arg","locations":[{"start":{"line":47,"column":30},"end":{"line":47,"column":31}}],"line":47},"3":{"loc":{"start":{"line":84,"column":6},"end":{"line":90,"column":7}},"type":"if","locations":[{"start":{"line":84,"column":6},"end":{"line":90,"column":7}},{"start":{},"end":{}}],"line":84}},"s":{"0":3,"1":3,"2":3,"3":3,"4":2,"5":2,"6":2,"7":1,"8":1,"9":1,"10":0,"11":2,"12":1,"13":1,"14":1,"15":1,"16":1,"17":1,"18":1,"19":1,"20":0,"21":0,"22":0,"23":0,"24":0,"25":0,"26":0,"27":0},"f":{"0":2,"1":1,"2":0},"b":{"0":[1,0],"1":[1],"2":[1],"3":[0,0]},"_coverageSchema":"1a1c01bbd47fc00a2c39e90264f33305004495a9","hash":"29457e7b1fed45a32b4de596d7fb01a0b7539a7a"}
,"C:\\Users\\ARFIN D.O\\OneDrive\\Documents\\Kampus Merdeka\\Kampus Merdeka Batch 5\\Studi Independent Binar Academy\\Tugas\\challenge-05\\controllers\\transactions.controller.js": {"path":"C:\\Users\\ARFIN D.O\\OneDrive\\Documents\\Kampus Merdeka\\Kampus Merdeka Batch 5\\Studi Independent Binar Academy\\Tugas\\challenge-05\\controllers\\transactions.controller.js","statementMap":{"0":{"start":{"line":1,"column":25},"end":{"line":1,"column":50}},"1":{"start":{"line":2,"column":15},"end":{"line":2,"column":33}},"2":{"start":{"line":3,"column":26},"end":{"line":3,"column":47}},"3":{"start":{"line":5,"column":0},"end":{"line":150,"column":2}},"4":{"start":{"line":7,"column":4},"end":{"line":75,"column":5}},"5":{"start":{"line":8,"column":68},"end":{"line":8,"column":76}},"6":{"start":{"line":10,"column":6},"end":{"line":16,"column":7}},"7":{"start":{"line":11,"column":8},"end":{"line":15,"column":11}},"8":{"start":{"line":18,"column":28},"end":{"line":20,"column":8}},"9":{"start":{"line":22,"column":33},"end":{"line":24,"column":8}},"10":{"start":{"line":26,"column":6},"end":{"line":32,"column":7}},"11":{"start":{"line":27,"column":8},"end":{"line":31,"column":11}},"12":{"start":{"line":34,"column":6},"end":{"line":40,"column":7}},"13":{"start":{"line":35,"column":8},"end":{"line":39,"column":11}},"14":{"start":{"line":42,"column":26},"end":{"line":48,"column":8}},"15":{"start":{"line":50,"column":6},"end":{"line":57,"column":9}},"16":{"start":{"line":59,"column":6},"end":{"line":66,"column":9}},"17":{"start":{"line":68,"column":6},"end":{"line":72,"column":9}},"18":{"start":{"line":74,"column":6},"end":{"line":74,"column":16}},"19":{"start":{"line":79,"column":4},"end":{"line":102,"column":5}},"20":{"start":{"line":80,"column":36},"end":{"line":80,"column":45}},"21":{"start":{"line":81,"column":6},"end":{"line":81,"column":28}},"22":{"start":{"line":82,"column":6},"end":{"line":82,"column":26}},"23":{"start":{"line":84,"column":25},"end":{"line":87,"column":8}},"24":{"start":{"line":89,"column":25},"end":{"line":91,"column":8}},"25":{"start":{"line":93,"column":23},"end":{"line":93,"column":65}},"26":{"start":{"line":95,"column":6},"end":{"line":99,"column":9}},"27":{"start":{"line":101,"column":6},"end":{"line":101,"column":16}},"28":{"start":{"line":106,"column":4},"end":{"line":148,"column":5}},"29":{"start":{"line":107,"column":17},"end":{"line":107,"column":30}},"30":{"start":{"line":109,"column":26},"end":{"line":131,"column":8}},"31":{"start":{"line":133,"column":6},"end":{"line":139,"column":7}},"32":{"start":{"line":134,"column":8},"end":{"line":138,"column":11}},"33":{"start":{"line":141,"column":6},"end":{"line":145,"column":9}},"34":{"start":{"line":147,"column":6},"end":{"line":147,"column":16}}},"fnMap":{"0":{"name":"(anonymous_0)","decl":{"start":{"line":6,"column":21},"end":{"line":6,"column":22}},"loc":{"start":{"line":6,"column":47},"end":{"line":76,"column":3}},"line":6},"1":{"name":"(anonymous_1)","decl":{"start":{"line":78,"column":22},"end":{"line":78,"column":23}},"loc":{"start":{"line":78,"column":48},"end":{"line":103,"column":3}},"line":78},"2":{"name":"(anonymous_2)","decl":{"start":{"line":105,"column":24},"end":{"line":105,"column":25}},"loc":{"start":{"line":105,"column":50},"end":{"line":149,"column":3}},"line":105}},"branchMap":{"0":{"loc":{"start":{"line":10,"column":6},"end":{"line":16,"column":7}},"type":"if","locations":[{"start":{"line":10,"column":6},"end":{"line":16,"column":7}},{"start":{},"end":{}}],"line":10},"1":{"loc":{"start":{"line":26,"column":6},"end":{"line":32,"column":7}},"type":"if","locations":[{"start":{"line":26,"column":6},"end":{"line":32,"column":7}},{"start":{},"end":{}}],"line":26},"2":{"loc":{"start":{"line":26,"column":10},"end":{"line":26,"column":47}},"type":"binary-expr","locations":[{"start":{"line":26,"column":10},"end":{"line":26,"column":24}},{"start":{"line":26,"column":28},"end":{"line":26,"column":47}}],"line":26},"3":{"loc":{"start":{"line":34,"column":6},"end":{"line":40,"column":7}},"type":"if","locations":[{"start":{"line":34,"column":6},"end":{"line":40,"column":7}},{"start":{},"end":{}}],"line":34},"4":{"loc":{"start":{"line":80,"column":12},"end":{"line":80,"column":21}},"type":"default-arg","locations":[{"start":{"line":80,"column":20},"end":{"line":80,"column":21}}],"line":80},"5":{"loc":{"start":{"line":80,"column":23},"end":{"line":80,"column":31}},"type":"default-arg","locations":[{"start":{"line":80,"column":30},"end":{"line":80,"column":31}}],"line":80},"6":{"loc":{"start":{"line":133,"column":6},"end":{"line":139,"column":7}},"type":"if","locations":[{"start":{"line":133,"column":6},"end":{"line":139,"column":7}},{"start":{},"end":{}}],"line":133}},"s":{"0":3,"1":3,"2":3,"3":3,"4":1,"5":1,"6":1,"7":1,"8":1,"9":0,"10":0,"11":0,"12":0,"13":0,"14":0,"15":0,"16":0,"17":0,"18":1,"19":1,"20":1,"21":1,"22":1,"23":1,"24":1,"25":1,"26":1,"27":0,"28":2,"29":2,"30":2,"31":0,"32":0,"33":0,"34":2},"f":{"0":1,"1":1,"2":2},"b":{"0":[1,0],"1":[0,0],"2":[0,0],"3":[0,0],"4":[1],"5":[1],"6":[0,0]},"_coverageSchema":"1a1c01bbd47fc00a2c39e90264f33305004495a9","hash":"b4de0bb03f85ebcee38f82b39bdd461611b4627a"}
,"C:\\Users\\ARFIN D.O\\OneDrive\\Documents\\Kampus Merdeka\\Kampus Merdeka Batch 5\\Studi Independent Binar Academy\\Tugas\\challenge-05\\controllers\\users.controller.js": {"path":"C:\\Users\\ARFIN D.O\\OneDrive\\Documents\\Kampus Merdeka\\Kampus Merdeka Batch 5\\Studi Independent Binar Academy\\Tugas\\challenge-05\\controllers\\users.controller.js","statementMap":{"0":{"start":{"line":1,"column":25},"end":{"line":1,"column":50}},"1":{"start":{"line":2,"column":15},"end":{"line":2,"column":33}},"2":{"start":{"line":3,"column":26},"end":{"line":3,"column":47}},"3":{"start":{"line":4,"column":15},"end":{"line":4,"column":32}},"4":{"start":{"line":5,"column":12},"end":{"line":5,"column":35}},"5":{"start":{"line":6,"column":27},"end":{"line":6,"column":38}},"6":{"start":{"line":8,"column":0},"end":{"line":204,"column":2}},"7":{"start":{"line":11,"column":4},"end":{"line":51,"column":5}},"8":{"start":{"line":12,"column":79},"end":{"line":12,"column":87}},"9":{"start":{"line":14,"column":27},"end":{"line":16,"column":8}},"10":{"start":{"line":18,"column":6},"end":{"line":24,"column":7}},"11":{"start":{"line":19,"column":8},"end":{"line":23,"column":11}},"12":{"start":{"line":26,"column":30},"end":{"line":26,"column":61}},"13":{"start":{"line":27,"column":20},"end":{"line":33,"column":8}},"14":{"start":{"line":35,"column":23},"end":{"line":42,"column":8}},"15":{"start":{"line":44,"column":6},"end":{"line":48,"column":9}},"16":{"start":{"line":50,"column":6},"end":{"line":50,"column":16}},"17":{"start":{"line":56,"column":4},"end":{"line":79,"column":5}},"18":{"start":{"line":57,"column":36},"end":{"line":57,"column":45}},"19":{"start":{"line":58,"column":6},"end":{"line":58,"column":28}},"20":{"start":{"line":59,"column":6},"end":{"line":59,"column":26}},"21":{"start":{"line":61,"column":18},"end":{"line":64,"column":8}},"22":{"start":{"line":66,"column":25},"end":{"line":68,"column":8}},"23":{"start":{"line":70,"column":23},"end":{"line":70,"column":65}},"24":{"start":{"line":72,"column":6},"end":{"line":76,"column":9}},"25":{"start":{"line":78,"column":6},"end":{"line":78,"column":16}},"26":{"start":{"line":84,"column":4},"end":{"line":109,"column":5}},"27":{"start":{"line":85,"column":15},"end":{"line":85,"column":28}},"28":{"start":{"line":87,"column":19},"end":{"line":92,"column":8}},"29":{"start":{"line":94,"column":6},"end":{"line":100,"column":7}},"30":{"start":{"line":95,"column":8},"end":{"line":99,"column":11}},"31":{"start":{"line":102,"column":6},"end":{"line":106,"column":9}},"32":{"start":{"line":108,"column":6},"end":{"line":108,"column":16}},"33":{"start":{"line":114,"column":4},"end":{"line":153,"column":5}},"34":{"start":{"line":115,"column":61},"end":{"line":115,"column":69}},"35":{"start":{"line":117,"column":27},"end":{"line":119,"column":8}},"36":{"start":{"line":121,"column":6},"end":{"line":127,"column":7}},"37":{"start":{"line":122,"column":8},"end":{"line":126,"column":11}},"38":{"start":{"line":129,"column":6},"end":{"line":135,"column":7}},"39":{"start":{"line":130,"column":8},"end":{"line":134,"column":11}},"40":{"start":{"line":137,"column":30},"end":{"line":137,"column":61}},"41":{"start":{"line":138,"column":20},"end":{"line":144,"column":8}},"42":{"start":{"line":146,"column":6},"end":{"line":150,"column":9}},"43":{"start":{"line":152,"column":6},"end":{"line":152,"column":16}},"44":{"start":{"line":157,"column":4},"end":{"line":190,"column":5}},"45":{"start":{"line":158,"column":32},"end":{"line":158,"column":40}},"46":{"start":{"line":160,"column":19},"end":{"line":162,"column":8}},"47":{"start":{"line":164,"column":6},"end":{"line":170,"column":7}},"48":{"start":{"line":165,"column":8},"end":{"line":169,"column":11}},"49":{"start":{"line":172,"column":30},"end":{"line":172,"column":75}},"50":{"start":{"line":173,"column":6},"end":{"line":179,"column":7}},"51":{"start":{"line":174,"column":8},"end":{"line":178,"column":11}},"52":{"start":{"line":181,"column":18},"end":{"line":181,"column":59}},"53":{"start":{"line":183,"column":6},"end":{"line":187,"column":9}},"54":{"start":{"line":189,"column":6},"end":{"line":189,"column":16}},"55":{"start":{"line":194,"column":4},"end":{"line":202,"column":5}},"56":{"start":{"line":195,"column":6},"end":{"line":199,"column":9}},"57":{"start":{"line":201,"column":6},"end":{"line":201,"column":16}}},"fnMap":{"0":{"name":"(anonymous_0)","decl":{"start":{"line":10,"column":14},"end":{"line":10,"column":15}},"loc":{"start":{"line":10,"column":40},"end":{"line":52,"column":3}},"line":10},"1":{"name":"(anonymous_1)","decl":{"start":{"line":55,"column":15},"end":{"line":55,"column":16}},"loc":{"start":{"line":55,"column":41},"end":{"line":80,"column":3}},"line":55},"2":{"name":"(anonymous_2)","decl":{"start":{"line":83,"column":17},"end":{"line":83,"column":18}},"loc":{"start":{"line":83,"column":43},"end":{"line":110,"column":3}},"line":83},"3":{"name":"(anonymous_3)","decl":{"start":{"line":113,"column":16},"end":{"line":113,"column":17}},"loc":{"start":{"line":113,"column":42},"end":{"line":154,"column":3}},"line":113},"4":{"name":"(anonymous_4)","decl":{"start":{"line":156,"column":13},"end":{"line":156,"column":14}},"loc":{"start":{"line":156,"column":39},"end":{"line":191,"column":3}},"line":156},"5":{"name":"(anonymous_5)","decl":{"start":{"line":193,"column":20},"end":{"line":193,"column":21}},"loc":{"start":{"line":193,"column":40},"end":{"line":203,"column":3}},"line":193}},"branchMap":{"0":{"loc":{"start":{"line":18,"column":6},"end":{"line":24,"column":7}},"type":"if","locations":[{"start":{"line":18,"column":6},"end":{"line":24,"column":7}},{"start":{},"end":{}}],"line":18},"1":{"loc":{"start":{"line":57,"column":12},"end":{"line":57,"column":21}},"type":"default-arg","locations":[{"start":{"line":57,"column":20},"end":{"line":57,"column":21}}],"line":57},"2":{"loc":{"start":{"line":57,"column":23},"end":{"line":57,"column":31}},"type":"default-arg","locations":[{"start":{"line":57,"column":30},"end":{"line":57,"column":31}}],"line":57},"3":{"loc":{"start":{"line":94,"column":6},"end":{"line":100,"column":7}},"type":"if","locations":[{"start":{"line":94,"column":6},"end":{"line":100,"column":7}},{"start":{},"end":{}}],"line":94},"4":{"loc":{"start":{"line":121,"column":6},"end":{"line":127,"column":7}},"type":"if","locations":[{"start":{"line":121,"column":6},"end":{"line":127,"column":7}},{"start":{},"end":{}}],"line":121},"5":{"loc":{"start":{"line":129,"column":6},"end":{"line":135,"column":7}},"type":"if","locations":[{"start":{"line":129,"column":6},"end":{"line":135,"column":7}},{"start":{},"end":{}}],"line":129},"6":{"loc":{"start":{"line":164,"column":6},"end":{"line":170,"column":7}},"type":"if","locations":[{"start":{"line":164,"column":6},"end":{"line":170,"column":7}},{"start":{},"end":{}}],"line":164},"7":{"loc":{"start":{"line":173,"column":6},"end":{"line":179,"column":7}},"type":"if","locations":[{"start":{"line":173,"column":6},"end":{"line":179,"column":7}},{"start":{},"end":{}}],"line":173}},"s":{"0":3,"1":3,"2":3,"3":3,"4":3,"5":3,"6":3,"7":2,"8":2,"9":2,"10":2,"11":1,"12":1,"13":1,"14":1,"15":1,"16":0,"17":1,"18":1,"19":1,"20":1,"21":1,"22":1,"23":1,"24":1,"25":0,"26":2,"27":2,"28":2,"29":2,"30":1,"31":1,"32":0,"33":2,"34":2,"35":2,"36":2,"37":1,"38":1,"39":0,"40":1,"41":1,"42":1,"43":0,"44":2,"45":2,"46":2,"47":2,"48":1,"49":1,"50":1,"51":0,"52":1,"53":1,"54":0,"55":1,"56":1,"57":0},"f":{"0":2,"1":1,"2":2,"3":2,"4":2,"5":1},"b":{"0":[1,1],"1":[1],"2":[1],"3":[1,1],"4":[1,1],"5":[0,1],"6":[1,1],"7":[0,1]},"_coverageSchema":"1a1c01bbd47fc00a2c39e90264f33305004495a9","hash":"c86ebdce634607ba9581127e7765691791803fcc"}
,"C:\\Users\\ARFIN D.O\\OneDrive\\Documents\\Kampus Merdeka\\Kampus Merdeka Batch 5\\Studi Independent Binar Academy\\Tugas\\challenge-05\\helpers\\index.js": {"path":"C:\\Users\\ARFIN D.O\\OneDrive\\Documents\\Kampus Merdeka\\Kampus Merdeka Batch 5\\Studi Independent Binar Academy\\Tugas\\challenge-05\\helpers\\index.js","statementMap":{"0":{"start":{"line":1,"column":0},"end":{"line":28,"column":2}},"1":{"start":{"line":3,"column":17},"end":{"line":3,"column":19}},"2":{"start":{"line":4,"column":15},"end":{"line":4,"column":17}},"3":{"start":{"line":5,"column":15},"end":{"line":5,"column":78}},"4":{"start":{"line":7,"column":4},"end":{"line":21,"column":5}},"5":{"start":{"line":8,"column":6},"end":{"line":8,"column":21}},"6":{"start":{"line":9,"column":6},"end":{"line":13,"column":7}},"7":{"start":{"line":10,"column":8},"end":{"line":10,"column":23}},"8":{"start":{"line":12,"column":8},"end":{"line":12,"column":62}},"9":{"start":{"line":15,"column":6},"end":{"line":15,"column":60}},"10":{"start":{"line":16,"column":6},"end":{"line":20,"column":7}},"11":{"start":{"line":17,"column":8},"end":{"line":17,"column":23}},"12":{"start":{"line":19,"column":8},"end":{"line":19,"column":62}},"13":{"start":{"line":23,"column":4},"end":{"line":23,"column":24}},"14":{"start":{"line":24,"column":4},"end":{"line":24,"column":31}},"15":{"start":{"line":26,"column":4},"end":{"line":26,"column":18}}},"fnMap":{"0":{"name":"(anonymous_0)","decl":{"start":{"line":2,"column":17},"end":{"line":2,"column":18}},"loc":{"start":{"line":2,"column":46},"end":{"line":27,"column":3}},"line":2}},"branchMap":{"0":{"loc":{"start":{"line":7,"column":4},"end":{"line":21,"column":5}},"type":"if","locations":[{"start":{"line":7,"column":4},"end":{"line":21,"column":5}},{"start":{"line":14,"column":11},"end":{"line":21,"column":5}}],"line":7},"1":{"loc":{"start":{"line":9,"column":6},"end":{"line":13,"column":7}},"type":"if","locations":[{"start":{"line":9,"column":6},"end":{"line":13,"column":7}},{"start":{"line":11,"column":13},"end":{"line":13,"column":7}}],"line":9},"2":{"loc":{"start":{"line":16,"column":6},"end":{"line":20,"column":7}},"type":"if","locations":[{"start":{"line":16,"column":6},"end":{"line":20,"column":7}},{"start":{"line":18,"column":13},"end":{"line":20,"column":7}}],"line":16}},"s":{"0":3,"1":3,"2":3,"3":3,"4":3,"5":3,"6":3,"7":3,"8":0,"9":0,"10":0,"11":0,"12":0,"13":3,"14":3,"15":3},"f":{"0":3},"b":{"0":[3,0],"1":[3,0],"2":[0,0]},"_coverageSchema":"1a1c01bbd47fc00a2c39e90264f33305004495a9","hash":"4955257eabd2feddf6b14beea2d803c36b317bbb"}
,"C:\\Users\\ARFIN D.O\\OneDrive\\Documents\\Kampus Merdeka\\Kampus Merdeka Batch 5\\Studi Independent Binar Academy\\Tugas\\challenge-05\\middlewares\\authentication.js": {"path":"C:\\Users\\ARFIN D.O\\OneDrive\\Documents\\Kampus Merdeka\\Kampus Merdeka Batch 5\\Studi Independent Binar Academy\\Tugas\\challenge-05\\middlewares\\authentication.js","statementMap":{"0":{"start":{"line":1,"column":25},"end":{"line":1,"column":50}},"1":{"start":{"line":2,"column":15},"end":{"line":2,"column":33}},"2":{"start":{"line":3,"column":12},"end":{"line":3,"column":35}},"3":{"start":{"line":4,"column":27},"end":{"line":4,"column":38}},"4":{"start":{"line":6,"column":0},"end":{"line":32,"column":2}},"5":{"start":{"line":7,"column":26},"end":{"line":7,"column":37}},"6":{"start":{"line":8,"column":2},"end":{"line":15,"column":3}},"7":{"start":{"line":9,"column":4},"end":{"line":14,"column":7}},"8":{"start":{"line":17,"column":16},"end":{"line":17,"column":49}},"9":{"start":{"line":19,"column":2},"end":{"line":31,"column":5}},"10":{"start":{"line":20,"column":4},"end":{"line":27,"column":5}},"11":{"start":{"line":21,"column":6},"end":{"line":26,"column":9}},"12":{"start":{"line":29,"column":4},"end":{"line":29,"column":76}},"13":{"start":{"line":30,"column":4},"end":{"line":30,"column":11}}},"fnMap":{"0":{"name":"(anonymous_0)","decl":{"start":{"line":6,"column":17},"end":{"line":6,"column":18}},"loc":{"start":{"line":6,"column":43},"end":{"line":32,"column":1}},"line":6},"1":{"name":"(anonymous_1)","decl":{"start":{"line":19,"column":36},"end":{"line":19,"column":37}},"loc":{"start":{"line":19,"column":60},"end":{"line":31,"column":3}},"line":19}},"branchMap":{"0":{"loc":{"start":{"line":8,"column":2},"end":{"line":15,"column":3}},"type":"if","locations":[{"start":{"line":8,"column":2},"end":{"line":15,"column":3}},{"start":{},"end":{}}],"line":8},"1":{"loc":{"start":{"line":20,"column":4},"end":{"line":27,"column":5}},"type":"if","locations":[{"start":{"line":20,"column":4},"end":{"line":27,"column":5}},{"start":{},"end":{}}],"line":20}},"s":{"0":3,"1":3,"2":3,"3":3,"4":3,"5":2,"6":2,"7":0,"8":2,"9":2,"10":2,"11":1,"12":1,"13":1},"f":{"0":2,"1":2},"b":{"0":[0,2],"1":[1,1]},"_coverageSchema":"1a1c01bbd47fc00a2c39e90264f33305004495a9","hash":"41b13ee1b755aeea10a9a90684e1854ee3e6bca9"}
,"C:\\Users\\ARFIN D.O\\OneDrive\\Documents\\Kampus Merdeka\\Kampus Merdeka Batch 5\\Studi Independent Binar Academy\\Tugas\\challenge-05\\routes\\accounts.routes.js": {"path":"C:\\Users\\ARFIN D.O\\OneDrive\\Documents\\Kampus Merdeka\\Kampus Merdeka Batch 5\\Studi Independent Binar Academy\\Tugas\\challenge-05\\routes\\accounts.routes.js","statementMap":{"0":{"start":{"line":1,"column":16},"end":{"line":1,"column":34}},"1":{"start":{"line":2,"column":15},"end":{"line":2,"column":31}},"2":{"start":{"line":3,"column":60},"end":{"line":3,"column":105}},"3":{"start":{"line":5,"column":0},"end":{"line":5,"column":32}},"4":{"start":{"line":6,"column":0},"end":{"line":6,"column":32}},"5":{"start":{"line":7,"column":0},"end":{"line":7,"column":37}},"6":{"start":{"line":9,"column":0},"end":{"line":9,"column":24}}},"fnMap":{},"branchMap":{},"s":{"0":3,"1":3,"2":3,"3":3,"4":3,"5":3,"6":3},"f":{},"b":{},"_coverageSchema":"1a1c01bbd47fc00a2c39e90264f33305004495a9","hash":"cf5e6e74adfeebb4faf54ddf5327cf594c077409"}
,"C:\\Users\\ARFIN D.O\\OneDrive\\Documents\\Kampus Merdeka\\Kampus Merdeka Batch 5\\Studi Independent Binar Academy\\Tugas\\challenge-05\\routes\\index.js": {"path":"C:\\Users\\ARFIN D.O\\OneDrive\\Documents\\Kampus Merdeka\\Kampus Merdeka Batch 5\\Studi Independent Binar Academy\\Tugas\\challenge-05\\routes\\index.js","statementMap":{"0":{"start":{"line":1,"column":15},"end":{"line":1,"column":42}},"1":{"start":{"line":2,"column":18},"end":{"line":2,"column":47}},"2":{"start":{"line":3,"column":13},"end":{"line":3,"column":28}},"3":{"start":{"line":4,"column":11},"end":{"line":4,"column":24}},"4":{"start":{"line":5,"column":14},"end":{"line":5,"column":39}},"5":{"start":{"line":6,"column":17},"end":{"line":6,"column":45}},"6":{"start":{"line":7,"column":21},"end":{"line":7,"column":53}},"7":{"start":{"line":8,"column":13},"end":{"line":8,"column":57}},"8":{"start":{"line":11,"column":24},"end":{"line":11,"column":40}},"9":{"start":{"line":12,"column":0},"end":{"line":12,"column":75}},"10":{"start":{"line":15,"column":0},"end":{"line":15,"column":35}},"11":{"start":{"line":16,"column":0},"end":{"line":16,"column":41}},"12":{"start":{"line":17,"column":0},"end":{"line":17,"column":49}},"13":{"start":{"line":19,"column":0},"end":{"line":19,"column":24}}},"fnMap":{},"branchMap":{},"s":{"0":3,"1":3,"2":3,"3":3,"4":3,"5":3,"6":3,"7":3,"8":3,"9":3,"10":3,"11":3,"12":3,"13":3},"f":{},"b":{},"_coverageSchema":"1a1c01bbd47fc00a2c39e90264f33305004495a9","hash":"33cc41597aa73d62b6dce2628ceee66fbe15af7c"}
,"C:\\Users\\ARFIN D.O\\OneDrive\\Documents\\Kampus Merdeka\\Kampus Merdeka Batch 5\\Studi Independent Binar Academy\\Tugas\\challenge-05\\routes\\transactions.routes.js": {"path":"C:\\Users\\ARFIN D.O\\OneDrive\\Documents\\Kampus Merdeka\\Kampus Merdeka Batch 5\\Studi Independent Binar Academy\\Tugas\\challenge-05\\routes\\transactions.routes.js","statementMap":{"0":{"start":{"line":1,"column":16},"end":{"line":1,"column":34}},"1":{"start":{"line":2,"column":15},"end":{"line":2,"column":31}},"2":{"start":{"line":3,"column":72},"end":{"line":3,"column":121}},"3":{"start":{"line":5,"column":0},"end":{"line":5,"column":36}},"4":{"start":{"line":6,"column":0},"end":{"line":6,"column":36}},"5":{"start":{"line":7,"column":0},"end":{"line":7,"column":41}},"6":{"start":{"line":9,"column":0},"end":{"line":9,"column":24}}},"fnMap":{},"branchMap":{},"s":{"0":3,"1":3,"2":3,"3":3,"4":3,"5":3,"6":3},"f":{},"b":{},"_coverageSchema":"1a1c01bbd47fc00a2c39e90264f33305004495a9","hash":"5e1556e3a11df95ee1dd72342aaa9c8dabcace07"}
,"C:\\Users\\ARFIN D.O\\OneDrive\\Documents\\Kampus Merdeka\\Kampus Merdeka Batch 5\\Studi Independent Binar Academy\\Tugas\\challenge-05\\routes\\users.routes.js": {"path":"C:\\Users\\ARFIN D.O\\OneDrive\\Documents\\Kampus Merdeka\\Kampus Merdeka Batch 5\\Studi Independent Binar Academy\\Tugas\\challenge-05\\routes\\users.routes.js","statementMap":{"0":{"start":{"line":1,"column":15},"end":{"line":1,"column":42}},"1":{"start":{"line":2,"column":94},"end":{"line":2,"column":136}},"2":{"start":{"line":3,"column":13},"end":{"line":3,"column":53}},"3":{"start":{"line":6,"column":0},"end":{"line":6,"column":29}},"4":{"start":{"line":7,"column":0},"end":{"line":7,"column":29}},"5":{"start":{"line":8,"column":0},"end":{"line":8,"column":34}},"6":{"start":{"line":9,"column":0},"end":{"line":9,"column":44}},"7":{"start":{"line":10,"column":0},"end":{"line":10,"column":38}},"8":{"start":{"line":11,"column":0},"end":{"line":11,"column":57}},"9":{"start":{"line":13,"column":0},"end":{"line":13,"column":24}}},"fnMap":{},"branchMap":{},"s":{"0":3,"1":3,"2":3,"3":3,"4":3,"5":3,"6":3,"7":3,"8":3,"9":3},"f":{},"b":{},"_coverageSchema":"1a1c01bbd47fc00a2c39e90264f33305004495a9","hash":"74157a87960af9c8b08da462f89b77975a94b94a"}
}
