TN:
SF:app.js
FN:15,(anonymous_0)
FN:24,(anonymous_1)
FNF:2
FNH:1
FNDA:0,(anonymous_0)
FNDA:5,(anonymous_1)
DA:1,3
DA:2,3
DA:3,3
DA:4,3
DA:5,3
DA:6,3
DA:8,3
DA:9,3
DA:10,3
DA:12,3
DA:15,3
DA:16,0
DA:24,3
DA:25,5
DA:32,3
LF:15
LH:14
BRF:0
BRH:0
end_of_record
TN:
SF:controllers\accounts.controller.js
FN:7,(anonymous_0)
FN:45,(anonymous_1)
FN:73,(anonymous_2)
FNF:3
FNH:2
FNDA:2,(anonymous_0)
FNDA:1,(anonymous_1)
FNDA:0,(anonymous_2)
DA:1,3
DA:2,3
DA:3,3
DA:5,3
DA:8,2
DA:9,2
DA:11,2
DA:15,1
DA:16,1
DA:23,1
DA:34,0
DA:40,2
DA:46,1
DA:47,1
DA:48,1
DA:49,1
DA:51,1
DA:56,1
DA:60,1
DA:62,1
DA:68,0
DA:74,0
DA:75,0
DA:77,0
DA:84,0
DA:85,0
DA:92,0
DA:98,0
LF:28
LH:19
BRDA:15,0,0,1
BRDA:15,0,1,0
BRDA:47,1,0,1
BRDA:47,2,0,1
BRDA:84,3,0,0
BRDA:84,3,1,0
BRF:6
BRH:3
end_of_record
TN:
SF:controllers\transactions.controller.js
FN:6,(anonymous_0)
FN:78,(anonymous_1)
FN:105,(anonymous_2)
FNF:3
FNH:3
FNDA:1,(anonymous_0)
FNDA:1,(anonymous_1)
FNDA:2,(anonymous_2)
DA:1,3
DA:2,3
DA:3,3
DA:5,3
DA:7,1
DA:8,1
DA:10,1
DA:11,1
DA:18,1
DA:22,0
DA:26,0
DA:27,0
DA:34,0
DA:35,0
DA:42,0
DA:50,0
DA:59,0
DA:68,0
DA:74,1
DA:79,1
DA:80,1
DA:81,1
DA:82,1
DA:84,1
DA:89,1
DA:93,1
DA:95,1
DA:101,0
DA:106,2
DA:107,2
DA:109,2
DA:133,0
DA:134,0
DA:141,0
DA:147,2
LF:35
LH:22
BRDA:10,0,0,1
BRDA:10,0,1,0
BRDA:26,1,0,0
BRDA:26,1,1,0
BRDA:26,2,0,0
BRDA:26,2,1,0
BRDA:34,3,0,0
BRDA:34,3,1,0
BRDA:80,4,0,1
BRDA:80,5,0,1
BRDA:133,6,0,0
BRDA:133,6,1,0
BRF:12
BRH:3
end_of_record
TN:
SF:controllers\users.controller.js
FN:10,(anonymous_0)
FN:55,(anonymous_1)
FN:83,(anonymous_2)
FN:113,(anonymous_3)
FN:156,(anonymous_4)
FN:193,(anonymous_5)
FNF:6
FNH:6
FNDA:2,(anonymous_0)
FNDA:1,(anonymous_1)
FNDA:2,(anonymous_2)
FNDA:2,(anonymous_3)
FNDA:2,(anonymous_4)
FNDA:1,(anonymous_5)
DA:1,3
DA:2,3
DA:3,3
DA:4,3
DA:5,3
DA:6,3
DA:8,3
DA:11,2
DA:12,2
DA:14,2
DA:18,2
DA:19,1
DA:26,1
DA:27,1
DA:35,1
DA:44,1
DA:50,0
DA:56,1
DA:57,1
DA:58,1
DA:59,1
DA:61,1
DA:66,1
DA:70,1
DA:72,1
DA:78,0
DA:84,2
DA:85,2
DA:87,2
DA:94,2
DA:95,1
DA:102,1
DA:108,0
DA:114,2
DA:115,2
DA:117,2
DA:121,2
DA:122,1
DA:129,1
DA:130,0
DA:137,1
DA:138,1
DA:146,1
DA:152,0
DA:157,2
DA:158,2
DA:160,2
DA:164,2
DA:165,1
DA:172,1
DA:173,1
DA:174,0
DA:181,1
DA:183,1
DA:189,0
DA:194,1
DA:195,1
DA:201,0
LF:58
LH:50
BRDA:18,0,0,1
BRDA:18,0,1,1
BRDA:57,1,0,1
BRDA:57,2,0,1
BRDA:94,3,0,1
BRDA:94,3,1,1
BRDA:121,4,0,1
BRDA:121,4,1,1
BRDA:129,5,0,0
BRDA:129,5,1,1
BRDA:164,6,0,1
BRDA:164,6,1,1
BRDA:173,7,0,0
BRDA:173,7,1,1
BRF:14
BRH:12
end_of_record
TN:
SF:helpers\index.js
FN:2,(anonymous_0)
FNF:1
FNH:1
FNDA:3,(anonymous_0)
DA:1,3
DA:3,3
DA:4,3
DA:5,3
DA:7,3
DA:8,3
DA:9,3
DA:10,3
DA:12,0
DA:15,0
DA:16,0
DA:17,0
DA:19,0
DA:23,3
DA:24,3
DA:26,3
LF:16
LH:11
BRDA:7,0,0,3
BRDA:7,0,1,0
BRDA:9,1,0,3
BRDA:9,1,1,0
BRDA:16,2,0,0
BRDA:16,2,1,0
BRF:6
BRH:2
end_of_record
TN:
SF:middlewares\authentication.js
FN:6,(anonymous_0)
FN:19,(anonymous_1)
FNF:2
FNH:2
FNDA:2,(anonymous_0)
FNDA:2,(anonymous_1)
DA:1,3
DA:2,3
DA:3,3
DA:4,3
DA:6,3
DA:7,2
DA:8,2
DA:9,0
DA:17,2
DA:19,2
DA:20,2
DA:21,1
DA:29,1
DA:30,1
LF:14
LH:13
BRDA:8,0,0,0
BRDA:8,0,1,2
BRDA:20,1,0,1
BRDA:20,1,1,1
BRF:4
BRH:3
end_of_record
TN:
SF:routes\accounts.routes.js
FNF:0
FNH:0
DA:1,3
DA:2,3
DA:3,3
DA:5,3
DA:6,3
DA:7,3
DA:9,3
LF:7
LH:7
BRF:0
BRH:0
end_of_record
TN:
SF:routes\index.js
FNF:0
FNH:0
DA:1,3
DA:2,3
DA:3,3
DA:4,3
DA:5,3
DA:6,3
DA:7,3
DA:8,3
DA:11,3
DA:12,3
DA:15,3
DA:16,3
DA:17,3
DA:19,3
LF:14
LH:14
BRF:0
BRH:0
end_of_record
TN:
SF:routes\transactions.routes.js
FNF:0
FNH:0
DA:1,3
DA:2,3
DA:3,3
DA:5,3
DA:6,3
DA:7,3
DA:9,3
LF:7
LH:7
BRF:0
BRH:0
end_of_record
TN:
SF:routes\users.routes.js
FNF:0
FNH:0
DA:1,3
DA:2,3
DA:3,3
DA:6,3
DA:7,3
DA:8,3
DA:9,3
DA:10,3
DA:11,3
DA:13,3
LF:10
LH:10
BRF:0
BRH:0
end_of_record
